Arguments: 
  /Users/bjoern/.nvm/versions/node/v14.18.1/bin/node /usr/local/bin/yarn emp tsc --version

PATH: 
  /Users/bjoern/.nvm/versions/node/v14.18.1/bin:/usr/local/mysql/bin::/usr/local/bin:/usr/bin:/bin:/usr/sbin:/sbin:/usr/local/Cellar/ruby/2.5.1/bin:/Library/TeX/texbin:/usr/local/go/bin:/usr/local/share/dotnet:/opt/X11/bin:~/.dotnet/tools:/Library/Apple/usr/bin:/Library/Frameworks/Mono.framework/Versions/Current/Commands:/Applications/Postgres.app/Contents/Versions/latest/bin

Yarn version: 
  1.22.10

Node version: 
  14.18.1

Platform: 
  darwin x64

Trace: 
  Invariant Violation: Script must exist
      at invariant (/usr/local/lib/node_modules/yarn/lib/cli.js:2314:15)
      at /usr/local/lib/node_modules/yarn/lib/cli.js:62387:11
      at Generator.next (<anonymous>)
      at step (/usr/local/lib/node_modules/yarn/lib/cli.js:310:30)
      at /usr/local/lib/node_modules/yarn/lib/cli.js:328:14
      at new Promise (<anonymous>)
      at new F (/usr/local/lib/node_modules/yarn/lib/cli.js:5301:28)
      at /usr/local/lib/node_modules/yarn/lib/cli.js:307:12
      at realRunCommand (/usr/local/lib/node_modules/yarn/lib/cli.js:62472:23)
      at action.action (/usr/local/lib/node_modules/yarn/lib/cli.js:62533:16)

npm manifest: 
  {
    "scripts": {
      "emp": "",
      "tsc": "tsc"
    },
    "name": "empty-node-proj",
    "version": "0.0.0",
    "description": "testProj",
    "main": "index.js",
    "author": "BWiegell <bj.wiegell@gmail.com>",
    "license": "MIT",
    "private": false,
    "devDependencies": {
      "typescript": "^4.7.4"
    }
  }

yarn manifest: 
  No manifest

Lockfile: 
  # THIS IS AN AUTOGENERATED FILE. DO NOT EDIT THIS FILE DIRECTLY.
  # yarn lockfile v1
  
  
  typescript@^4.7.4:
    version "4.7.4"
    resolved "https://registry.yarnpkg.com/typescript/-/typescript-4.7.4.tgz#1a88596d1cf47d59507a1bcdfb5b9dfe4d488235"
    integrity sha512-C0WQT0gezHuw6AdY1M2jxUO83Rjf0HP7Sk1DtXj6j1EwkQNZrHAg2XPWlq62oqEhYvONq5pkC2Y9oPljWToLmQ==
